TN:
SF:src\__tests__\Booking.test.jsx
FNF:0
FNH:0
DA:1,1
DA:8,1
DA:9,1
DA:10,1
DA:12,1
DA:13,1
DA:15,1
DA:16,8
DA:17,8
DA:18,8
DA:19,8
DA:20,8
DA:21,8
DA:22,8
DA:23,8
DA:24,8
DA:25,8
DA:26,8
DA:27,1
DA:29,1
DA:30,1
DA:31,1
DA:32,1
DA:33,1
DA:34,1
DA:35,1
DA:36,1
DA:37,1
DA:38,1
DA:39,1
DA:40,1
DA:41,1
DA:43,1
DA:44,1
DA:45,1
DA:47,1
DA:48,1
DA:50,1
DA:52,1
DA:53,1
DA:54,1
DA:55,1
DA:56,1
DA:57,1
DA:59,1
DA:60,1
DA:61,1
DA:63,1
DA:64,1
DA:66,1
DA:68,1
DA:69,3
DA:70,3
DA:71,1
DA:72,1
DA:73,2
DA:74,2
DA:75,1
DA:76,1
DA:77,1
DA:78,1
DA:79,1
DA:80,1
DA:81,1
DA:82,1
DA:83,1
DA:85,1
DA:86,1
DA:87,1
DA:88,1
DA:89,1
DA:90,1
DA:91,1
DA:92,5
DA:93,5
DA:94,1
DA:95,1
DA:96,5
DA:97,5
DA:98,1
DA:100,1
DA:101,1
DA:102,1
DA:103,1
DA:104,1
DA:105,1
DA:106,1
DA:107,1
DA:108,1
DA:109,1
DA:110,1
DA:112,1
DA:113,1
DA:114,1
DA:115,1
DA:116,1
DA:117,1
DA:118,1
DA:119,1
DA:120,1
DA:121,1
DA:122,1
DA:123,1
DA:124,1
DA:125,1
DA:127,1
DA:129,1
DA:130,3
DA:131,3
DA:132,1
DA:134,1
DA:135,3
DA:136,3
DA:137,1
DA:138,1
DA:140,1
DA:141,1
DA:142,1
DA:143,1
DA:145,1
DA:146,1
DA:148,1
DA:149,1
DA:150,1
DA:151,1
DA:152,1
DA:154,1
DA:155,1
DA:156,1
DA:157,1
DA:159,1
DA:161,1
DA:162,1
DA:163,1
DA:164,1
DA:165,1
DA:166,1
DA:167,1
DA:168,1
DA:169,1
DA:170,1
DA:171,1
DA:172,1
DA:173,1
DA:174,1
DA:175,1
DA:176,1
DA:177,1
DA:180,1
DA:181,1
LF:150
LH:150
BRDA:12,0,0,1
BRDA:15,1,0,8
BRDA:29,2,0,1
BRDA:32,3,0,1
BRDA:33,4,0,1
BRDA:36,5,0,1
BRDA:43,6,0,1
BRDA:52,7,0,1
BRDA:59,8,0,1
BRDA:68,9,0,3
BRDA:72,10,0,2
BRDA:75,11,0,1
BRDA:78,12,0,1
BRDA:85,13,0,1
BRDA:91,14,0,5
BRDA:95,15,0,5
BRDA:100,16,0,1
BRDA:106,17,0,1
BRDA:121,18,0,1
BRDA:129,19,0,3
BRDA:134,20,0,3
BRDA:148,21,0,1
BRDA:168,22,0,1
BRDA:175,23,0,1
BRF:24
BRH:24
end_of_record
TN:
SF:src\__tests__\Confirmation.test.jsx
FNF:0
FNH:0
DA:1,1
DA:2,1
DA:3,1
DA:4,1
DA:5,1
DA:7,1
DA:8,1
DA:9,1
DA:10,1
DA:11,1
DA:12,1
DA:13,1
DA:14,1
DA:15,1
DA:16,1
DA:17,1
DA:18,1
DA:19,1
DA:20,1
DA:21,1
DA:22,1
DA:23,1
DA:24,1
DA:25,1
DA:26,1
DA:28,1
DA:29,1
DA:30,1
DA:31,1
DA:32,1
DA:34,1
DA:35,1
DA:36,1
DA:37,1
DA:38,1
DA:40,1
DA:41,1
DA:42,1
DA:43,1
DA:44,1
DA:45,1
DA:46,1
DA:47,1
DA:48,1
DA:49,1
DA:50,1
DA:51,1
DA:52,1
DA:53,1
DA:54,1
DA:56,1
DA:57,1
DA:58,1
DA:59,1
DA:61,1
DA:63,1
DA:64,1
DA:65,1
DA:66,1
DA:67,1
DA:68,1
DA:69,1
DA:70,1
DA:72,1
DA:73,1
DA:74,1
DA:75,1
DA:76,1
DA:77,1
DA:78,1
DA:79,1
DA:80,1
DA:81,1
DA:82,1
DA:83,1
DA:84,1
DA:85,1
LF:77
LH:77
BRDA:7,0,0,1
BRDA:8,1,0,1
BRDA:16,2,0,1
BRDA:43,3,0,1
BRDA:81,4,0,1
BRF:5
BRH:5
end_of_record
TN:
SF:src\__tests__\Navigation.test.jsx
FNF:0
FNH:0
DA:1,1
DA:2,1
DA:3,1
DA:4,1
DA:5,1
DA:6,1
DA:8,1
DA:9,1
DA:10,1
DA:11,1
DA:12,1
DA:13,1
DA:14,1
DA:15,1
DA:16,1
DA:17,1
DA:18,1
DA:20,1
DA:21,1
DA:22,1
DA:23,1
DA:25,1
DA:26,1
DA:27,1
DA:28,1
DA:29,1
DA:30,1
DA:31,1
DA:32,1
DA:33,1
DA:34,1
DA:35,1
DA:36,1
DA:37,1
DA:38,1
DA:39,1
DA:40,1
DA:41,1
DA:42,1
DA:43,1
DA:44,1
DA:45,1
DA:46,1
DA:47,1
DA:48,1
DA:50,1
DA:51,1
DA:52,1
DA:53,1
DA:54,1
DA:55,1
DA:56,1
DA:57,1
LF:53
LH:53
BRDA:8,0,0,1
BRDA:9,1,0,1
BRDA:21,2,0,1
BRDA:28,3,0,1
BRDA:33,4,0,1
BRDA:45,5,0,1
BRDA:52,6,0,2
BRF:7
BRH:7
end_of_record
TN:
SF:src\components\BookingInfo\BookingInfo.jsx
FN:5,BookingInfo
FNF:1
FNH:1
FNDA:75,BookingInfo
DA:1,1
DA:3,1
DA:5,75
DA:6,75
DA:7,75
DA:8,75
DA:9,75
DA:10,75
DA:11,75
DA:12,75
DA:13,75
DA:14,75
DA:15,75
DA:16,75
DA:17,75
DA:18,75
DA:19,75
DA:20,75
DA:21,75
DA:22,75
DA:23,75
DA:24,75
DA:25,75
DA:26,75
DA:27,75
DA:28,75
DA:29,75
DA:30,75
DA:31,75
DA:32,75
DA:33,75
DA:34,75
DA:35,75
DA:36,75
DA:37,75
DA:38,75
DA:39,75
DA:40,75
DA:41,75
DA:42,75
DA:43,75
DA:44,75
DA:46,75
DA:48,1
LF:44
LH:44
BRDA:5,0,0,75
BRF:1
BRH:1
end_of_record
TN:
SF:src\components\ErrorMessage\ErrorMessage.jsx
FN:3,ErrorMessage
FNF:1
FNH:1
FNDA:4,ErrorMessage
DA:1,1
DA:3,4
DA:4,4
DA:5,4
DA:6,4
DA:7,4
DA:9,4
DA:11,1
LF:8
LH:8
BRDA:3,0,0,4
BRF:1
BRH:1
end_of_record
TN:
SF:src\components\Input\Input.jsx
FN:3,Input
FNF:1
FNH:1
FNDA:398,Input
DA:1,1
DA:3,398
DA:4,398
DA:5,398
DA:6,398
DA:7,398
DA:8,398
DA:9,398
DA:10,398
DA:11,398
DA:12,398
DA:13,398
DA:14,398
DA:15,398
DA:16,398
DA:17,398
DA:18,398
DA:19,398
DA:20,398
DA:21,398
DA:22,398
DA:23,398
DA:24,398
DA:25,398
DA:26,398
DA:27,398
DA:28,398
DA:30,398
DA:32,1
LF:29
LH:29
BRDA:3,0,0,398
BRDA:21,1,0,323
BRDA:21,2,0,75
BRDA:24,3,0,8
BRDA:24,4,0,390
BRF:5
BRH:5
end_of_record
TN:
SF:src\components\Navigation\Navigation.jsx
FN:6,Navigation
FN:13,onClick
FN:15,onClick
FN:17,onClick
FNF:4
FNH:4
FNDA:85,Navigation
FNDA:2,onClick
FNDA:1,onClick
FNDA:1,onClick
DA:1,1
DA:2,1
DA:3,1
DA:4,1
DA:6,85
DA:7,85
DA:8,85
DA:10,85
DA:11,85
DA:12,85
DA:13,85
DA:14,85
DA:15,85
DA:16,85
DA:17,85
DA:18,85
DA:20,85
DA:22,1
LF:18
LH:18
BRDA:6,0,0,85
BRDA:11,1,0,4
BRDA:11,2,0,81
BRDA:14,3,0,4
BRDA:14,4,0,81
BRDA:16,5,0,4
BRDA:16,6,0,81
BRDA:13,7,0,2
BRDA:15,8,0,1
BRDA:17,9,0,1
BRF:10
BRH:10
end_of_record
TN:
SF:src\components\Shoes\Shoes.jsx
FN:6,Shoes
FN:21,onClick
FN:41,onClick
FNF:3
FNH:3
FNDA:75,Shoes
FNDA:1,onClick
FNDA:15,onClick
DA:1,1
DA:2,1
DA:4,1
DA:6,75
DA:7,75
DA:8,90
DA:9,90
DA:10,90
DA:11,90
DA:12,90
DA:13,90
DA:14,90
DA:15,90
DA:16,90
DA:17,90
DA:18,90
DA:19,90
DA:20,90
DA:21,90
DA:22,1
DA:23,1
DA:24,90
DA:26,90
DA:27,90
DA:30,90
DA:31,75
DA:33,75
DA:34,75
DA:35,75
DA:36,75
DA:37,75
DA:38,75
DA:39,75
DA:40,75
DA:41,75
DA:42,15
DA:43,15
DA:44,75
DA:46,75
DA:47,75
DA:49,75
DA:51,1
LF:42
LH:42
BRDA:6,0,0,75
BRDA:7,1,0,90
BRDA:21,2,0,1
BRDA:41,3,0,15
BRF:4
BRH:4
end_of_record
TN:
SF:src\components\Top\Top.jsx
FN:4,Top
FNF:1
FNH:1
FNDA:79,Top
DA:1,1
DA:2,1
DA:4,79
DA:5,79
DA:6,79
DA:7,79
DA:8,79
DA:9,79
DA:11,79
DA:13,1
LF:10
LH:10
BRDA:4,0,0,79
BRF:1
BRH:1
end_of_record
TN:
SF:src\mocks\handlers.js
FNF:0
FNH:0
DA:1,1
DA:2,1
DA:3,1
DA:4,1
DA:5,1
DA:6,1
DA:7,1
DA:8,1
DA:9,1
DA:10,1
DA:11,1
DA:12,1
DA:13,1
DA:14,1
DA:15,1
DA:16,1
DA:17,1
DA:18,2
DA:19,2
DA:20,2
DA:21,2
DA:22,2
DA:23,2
DA:24,2
DA:25,2
DA:26,2
DA:27,2
DA:28,2
DA:29,2
DA:30,2
DA:31,2
DA:32,2
DA:33,2
DA:34,2
DA:35,1
DA:36,1
DA:37,1
DA:38,1
DA:39,1
DA:40,1
DA:41,1
DA:42,1
DA:43,1
DA:44,1
DA:45,1
DA:46,1
DA:47,1
DA:48,1
DA:49,1
DA:50,1
DA:51,1
DA:52,1
DA:53,1
LF:53
LH:53
BRDA:17,0,0,2
BRF:1
BRH:1
end_of_record
TN:
SF:src\mocks\server.js
FNF:0
FNH:0
DA:1,1
DA:2,1
DA:3,1
DA:4,1
LF:4
LH:4
BRF:0
BRH:0
end_of_record
TN:
SF:src\views\Booking.jsx
FN:11,Booking
FN:22,updateBookingDetails
FN:32,updateSize
FN:45,addShoe
FN:51,removeShoe
FN:57,isShoeSizesFilled
FN:65,checkPlayersAndLanes
FN:74,sendBooking
FN:90,comparePeopleAndShoes
FN:94,saveConfirmation
FN:102,book
FNF:11
FNH:11
FNDA:75,Booking
FNDA:28,updateBookingDetails
FNDA:14,updateSize
FNDA:15,addShoe
FNDA:1,removeShoe
FNDA:4,isShoeSizesFilled
FNDA:3,checkPlayersAndLanes
FNDA:2,sendBooking
FNDA:5,comparePeopleAndShoes
FNDA:2,saveConfirmation
FNDA:6,book
DA:1,1
DA:2,1
DA:3,1
DA:5,1
DA:6,1
DA:7,1
DA:8,1
DA:9,1
DA:11,75
DA:12,75
DA:13,75
DA:14,75
DA:15,75
DA:16,75
DA:17,75
DA:18,75
DA:19,75
DA:20,75
DA:22,75
DA:23,28
DA:24,28
DA:26,28
DA:27,28
DA:28,28
DA:29,28
DA:30,28
DA:32,75
DA:33,14
DA:34,14
DA:36,14
DA:37,14
DA:38,14
DA:39,44
DA:40,14
DA:41,14
DA:42,14
DA:43,14
DA:45,75
DA:46,15
DA:48,15
DA:49,15
DA:51,75
DA:52,1
DA:54,1
DA:55,1
DA:57,75
DA:58,4
DA:60,4
DA:62,4
DA:63,4
DA:65,75
DA:66,3
DA:67,3
DA:69,3
DA:71,1
DA:72,3
DA:74,75
DA:75,2
DA:76,2
DA:77,2
DA:78,2
DA:79,2
DA:80,2
DA:81,2
DA:82,2
DA:83,2
DA:84,2
DA:85,2
DA:87,2
DA:88,2
DA:90,75
DA:91,5
DA:92,5
DA:94,75
DA:95,2
DA:96,2
DA:98,2
DA:99,2
DA:100,2
DA:102,75
DA:103,6
DA:105,6
DA:106,1
DA:107,6
DA:108,1
DA:109,5
DA:110,1
DA:111,4
DA:112,1
DA:113,1
DA:116,6
DA:117,4
DA:118,4
DA:119,4
DA:121,2
DA:122,2
DA:123,2
DA:124,2
DA:125,2
DA:126,2
DA:128,2
DA:130,2
DA:132,2
DA:133,2
DA:135,2
DA:136,2
DA:137,2
DA:138,6
DA:140,75
DA:141,75
DA:142,75
DA:143,75
DA:144,75
DA:145,75
DA:146,75
DA:147,75
DA:148,75
DA:149,75
DA:150,75
DA:151,75
DA:153,75
DA:154,75
DA:155,75
DA:157,75
DA:159,1
LF:125
LH:125
BRDA:11,0,0,75
BRDA:154,1,0,4
BRDA:154,2,0,71
BRDA:22,3,0,28
BRDA:26,4,0,28
BRDA:32,5,0,14
BRDA:36,6,0,0
BRDA:37,7,0,14
BRDA:38,8,0,44
BRDA:39,9,0,14
BRDA:39,10,0,30
BRDA:45,11,0,15
BRDA:51,12,0,1
BRDA:54,13,0,4
BRDA:57,14,0,4
BRDA:60,15,0,10
BRDA:60,16,0,9
BRDA:60,17,0,1
BRDA:65,18,0,3
BRDA:69,19,0,2
BRDA:69,20,0,1
BRDA:74,21,0,2
BRDA:90,22,0,5
BRDA:94,23,0,2
BRDA:95,24,0,2
BRDA:102,25,0,6
BRDA:105,26,0,5
BRDA:105,27,0,5
BRDA:105,28,0,5
BRDA:105,29,0,1
BRDA:107,30,0,5
BRDA:107,31,0,1
BRDA:109,32,0,4
BRDA:109,33,0,1
BRDA:111,34,0,3
BRDA:111,35,0,1
BRDA:116,36,0,4
BRDA:119,37,0,2
BRDA:125,38,0,2
BRF:39
BRH:38
end_of_record
TN:
SF:src\views\Confirmation.jsx
FN:8,Confirmation
FNF:1
FNH:1
FNDA:4,Confirmation
DA:1,1
DA:2,1
DA:4,1
DA:5,1
DA:6,1
DA:8,4
DA:9,4
DA:11,4
DA:12,4
DA:13,4
DA:15,4
DA:16,4
DA:17,4
DA:18,4
DA:19,4
DA:20,2
DA:21,2
DA:22,2
DA:23,2
DA:24,2
DA:25,2
DA:26,2
DA:27,2
DA:28,2
DA:29,2
DA:30,2
DA:31,2
DA:32,2
DA:33,2
DA:34,2
DA:35,2
DA:36,2
DA:37,2
DA:38,2
DA:39,2
DA:40,2
DA:41,2
DA:42,2
DA:43,2
DA:44,2
DA:45,2
DA:46,2
DA:47,2
DA:48,2
DA:49,2
DA:50,2
DA:51,2
DA:52,2
DA:53,2
DA:54,2
DA:55,2
DA:56,2
DA:57,2
DA:59,2
DA:60,2
DA:62,2
DA:64,4
DA:66,4
DA:68,1
LF:59
LH:59
BRDA:8,0,0,4
BRDA:12,1,0,0
BRDA:19,2,0,2
BRDA:60,3,0,2
BRF:4
BRH:3
end_of_record
